2018-06-11 11:51:37 ftpserver.py[line:14] INFO 创建数据库文件开始
2018-06-11 11:51:37 ftpserver.py[line:35] INFO 该数据库文件已经存在!
2018-06-11 11:51:37 ftpserver.py[line:35] INFO 该数据库文件已经存在!
2018-06-11 11:51:37 ftpserver.py[line:35] INFO 该数据库文件已经存在!
2018-06-11 11:52:16 ftpserver.py[line:14] INFO 创建数据库文件开始
2018-06-11 11:52:16 ftpserver.py[line:35] INFO 该数据库文件已经存在!
2018-06-11 11:52:16 ftpserver.py[line:35] INFO 该数据库文件已经存在!
2018-06-11 11:52:16 ftpserver.py[line:35] INFO 该数据库文件已经存在!
2018-06-11 11:52:16 ftpserver.py[line:43] INFO 该目录已经存在!
2018-06-11 11:52:16 ftpserver.py[line:43] INFO 该目录已经存在!
2018-06-11 11:52:16 ftpserver.py[line:43] INFO 该目录已经存在!
2018-06-11 11:57:15 ftpserver.py[line:15] INFO 创建数据库文件开始
2018-06-11 11:57:15 ftpserver.py[line:33] INFO 创建数据库文件mike成功!
2018-06-11 11:57:15 ftpserver.py[line:33] INFO 创建数据库文件tom成功!
2018-06-11 11:57:15 ftpserver.py[line:33] INFO 创建数据库文件jack成功!
2018-06-11 11:57:15 ftpserver.py[line:44] INFO 该目录已经存在!
2018-06-11 11:57:15 ftpserver.py[line:44] INFO 该目录已经存在!
2018-06-11 11:57:15 ftpserver.py[line:44] INFO 该目录已经存在!
2018-06-11 14:42:28 ftpserver.py[line:15] INFO 创建数据库文件开始
2018-06-11 14:42:28 ftpserver.py[line:36] INFO 该数据库文件已经存在!
2018-06-11 14:42:28 ftpserver.py[line:36] INFO 该数据库文件已经存在!
2018-06-11 14:42:28 ftpserver.py[line:36] INFO 该数据库文件已经存在!
2018-06-11 14:42:28 ftpserver.py[line:44] INFO 该目录已经存在!
2018-06-11 14:42:28 ftpserver.py[line:44] INFO 该目录已经存在!
2018-06-11 14:42:28 ftpserver.py[line:44] INFO 该目录已经存在!
2018-06-11 14:44:20 sokect_server.py[line:12] INFO ftp服务器已经启动
2018-06-11 14:44:20 ftpserver.py[line:15] INFO 创建数据库文件开始
2018-06-11 14:44:20 ftpserver.py[line:36] INFO 该数据库文件已经存在!
2018-06-11 14:44:20 ftpserver.py[line:36] INFO 该数据库文件已经存在!
2018-06-11 14:44:20 ftpserver.py[line:36] INFO 该数据库文件已经存在!
2018-06-11 14:44:20 ftpserver.py[line:44] INFO 该目录已经存在!
2018-06-11 14:44:20 ftpserver.py[line:44] INFO 该目录已经存在!
2018-06-11 14:44:20 ftpserver.py[line:44] INFO 该目录已经存在!
2018-06-11 14:49:40 sokect_server.py[line:12] INFO ftp服务器已经启动
2018-06-11 14:49:40 ftpserver.py[line:15] INFO 创建数据库文件开始
2018-06-11 14:49:40 ftpserver.py[line:36] INFO 该数据库文件已经存在!
2018-06-11 14:49:40 ftpserver.py[line:36] INFO 该数据库文件已经存在!
2018-06-11 14:49:40 ftpserver.py[line:36] INFO 该数据库文件已经存在!
2018-06-11 14:49:40 ftpserver.py[line:44] INFO 该目录已经存在!
2018-06-11 14:49:40 ftpserver.py[line:44] INFO 该目录已经存在!
2018-06-11 14:49:40 ftpserver.py[line:44] INFO 该目录已经存在!
2018-06-11 14:52:31 sokect_server.py[line:12] INFO ftp服务器已经启动
2018-06-11 14:52:31 ftpserver.py[line:15] INFO 创建数据库文件开始
2018-06-11 14:52:31 ftpserver.py[line:36] INFO 该数据库文件已经存在!
2018-06-11 14:52:31 ftpserver.py[line:36] INFO 该数据库文件已经存在!
2018-06-11 14:52:31 ftpserver.py[line:36] INFO 该数据库文件已经存在!
2018-06-11 14:52:31 ftpserver.py[line:44] INFO 该目录已经存在!
2018-06-11 14:52:31 ftpserver.py[line:44] INFO 该目录已经存在!
2018-06-11 14:52:31 ftpserver.py[line:44] INFO 该目录已经存在!
2018-06-11 15:05:50 sokect_server.py[line:12] INFO ftp服务器已经启动
2018-06-11 15:05:50 ftpserver.py[line:15] INFO 创建数据库文件开始
2018-06-11 15:05:50 ftpserver.py[line:36] INFO 该数据库文件已经存在!
2018-06-11 15:05:50 ftpserver.py[line:36] INFO 该数据库文件已经存在!
2018-06-11 15:05:50 ftpserver.py[line:36] INFO 该数据库文件已经存在!
2018-06-11 15:05:50 ftpserver.py[line:44] INFO 该目录已经存在!
2018-06-11 15:05:50 ftpserver.py[line:44] INFO 该目录已经存在!
2018-06-11 15:05:50 ftpserver.py[line:44] INFO 该目录已经存在!
2018-06-11 15:06:09 sokect_server.py[line:12] INFO ftp服务器已经启动
2018-06-11 15:06:09 ftpserver.py[line:15] INFO 创建数据库文件开始
2018-06-11 15:06:09 ftpserver.py[line:36] INFO 该数据库文件已经存在!
2018-06-11 15:06:09 ftpserver.py[line:36] INFO 该数据库文件已经存在!
2018-06-11 15:06:09 ftpserver.py[line:36] INFO 该数据库文件已经存在!
2018-06-11 15:06:09 ftpserver.py[line:44] INFO 该目录已经存在!
2018-06-11 15:06:09 ftpserver.py[line:44] INFO 该目录已经存在!
2018-06-11 15:06:09 ftpserver.py[line:44] INFO 该目录已经存在!
2018-06-11 15:08:42 sokect_server.py[line:12] INFO ftp服务器已经启动
2018-06-11 15:08:42 ftpserver.py[line:15] INFO 创建数据库文件开始
2018-06-11 15:08:42 ftpserver.py[line:36] INFO 该数据库文件已经存在!
2018-06-11 15:08:42 ftpserver.py[line:36] INFO 该数据库文件已经存在!
2018-06-11 15:08:42 ftpserver.py[line:36] INFO 该数据库文件已经存在!
2018-06-11 15:08:42 ftpserver.py[line:44] INFO 该目录已经存在!
2018-06-11 15:08:42 ftpserver.py[line:44] INFO 该目录已经存在!
2018-06-11 15:08:42 ftpserver.py[line:44] INFO 该目录已经存在!
2018-06-11 15:21:29 auth_user.py[line:26] INFO 用户名或密码错误,请重新输入!
2018-06-11 15:21:29 sokect_server.py[line:23] INFO 用户认证失败!
